<?xml version="1.0" encoding="UTF-8"?>
<!-- Generated by org.testng.reporters.JUnitReportReporter -->
<testsuite hostname="DESKTOP-U8F94J3" failures="0" tests="3" name="com.qa.parallel.CrossBrowser" time="38.415" errors="0" timestamp="2022-11-22T10:06:09 NPT" skipped="0">
  <testcase classname="com.qa.parallel.CrossBrowser" name="verifyTitel1" time="16.093"/>
  <system-out/>
  <testcase classname="com.qa.parallel.CrossBrowser" name="verifyTitel1" time="10.805"/>
  <system-out/>
  <testcase classname="com.qa.parallel.CrossBrowser" name="verifyTitel1" time="11.517"/>
  <system-out/>
</testsuite> <!-- com.qa.parallel.CrossBrowser -->
